<?xml version="1.0" encoding="UTF-8"?>
<coverage generated="1696767381519" clover="3.2.0">
  <project timestamp="1696767381519" name="All files">
    <metrics statements="30" coveredstatements="29" conditionals="12" coveredconditionals="9" methods="8" coveredmethods="8" elements="50" coveredelements="46" complexity="0" loc="30" ncloc="30" packages="2" files="5" classes="5"/>
    <package name="js">
      <metrics statements="9" coveredstatements="8" conditionals="10" coveredconditionals="7" methods="1" coveredmethods="1"/>
      <file name="detective.js" path="/Users/maisiepalmer/Documents/GitHub/TDDetective/js/detective.js">
        <metrics statements="9" coveredstatements="8" conditionals="10" coveredconditionals="7" methods="1" coveredmethods="1"/>
        <line num="3" count="4" type="stmt"/>
        <line num="5" count="4" type="cond" truecount="2" falsecount="0"/>
        <line num="7" count="3" type="stmt"/>
        <line num="8" count="6" type="stmt"/>
        <line num="9" count="6" type="cond" truecount="4" falsecount="0"/>
        <line num="10" count="2" type="stmt"/>
        <line num="11" count="2" type="cond" truecount="1" falsecount="1"/>
        <line num="12" count="0" type="cond" truecount="0" falsecount="2"/>
        <line num="19" count="1" type="stmt"/>
      </file>
    </package>
    <package name="js.the_crime_scene">
      <metrics statements="21" coveredstatements="21" conditionals="2" coveredconditionals="2" methods="7" coveredmethods="7"/>
      <file name="crime.js" path="/Users/maisiepalmer/Documents/GitHub/TDDetective/js/the_crime_scene/crime.js">
        <metrics statements="8" coveredstatements="8" conditionals="2" coveredconditionals="2" methods="2" coveredmethods="2"/>
        <line num="1" count="1" type="stmt"/>
        <line num="5" count="4" type="stmt"/>
        <line num="6" count="4" type="stmt"/>
        <line num="14" count="4" type="stmt"/>
        <line num="15" count="10" type="cond" truecount="2" falsecount="0"/>
        <line num="16" count="1" type="stmt"/>
        <line num="17" count="1" type="stmt"/>
        <line num="23" count="1" type="stmt"/>
      </file>
      <file name="suspect.js" path="/Users/maisiepalmer/Documents/GitHub/TDDetective/js/the_crime_scene/suspect.js">
        <metrics statements="6" coveredstatements="6" conditionals="0" coveredconditionals="0" methods="3" coveredmethods="3"/>
        <line num="2" count="9" type="stmt"/>
        <line num="3" count="9" type="stmt"/>
        <line num="6" count="9" type="stmt"/>
        <line num="10" count="5" type="stmt"/>
        <line num="14" count="6" type="stmt"/>
        <line num="18" count="1" type="stmt"/>
      </file>
      <file name="victim.js" path="/Users/maisiepalmer/Documents/GitHub/TDDetective/js/the_crime_scene/victim.js">
        <metrics statements="3" coveredstatements="3" conditionals="0" coveredconditionals="0" methods="1" coveredmethods="1"/>
        <line num="3" count="4" type="stmt"/>
        <line num="4" count="4" type="stmt"/>
        <line num="8" count="1" type="stmt"/>
      </file>
      <file name="witness.js" path="/Users/maisiepalmer/Documents/GitHub/TDDetective/js/the_crime_scene/witness.js">
        <metrics statements="4" coveredstatements="4" conditionals="0" coveredconditionals="0" methods="1" coveredmethods="1"/>
        <line num="3" count="1" type="stmt"/>
        <line num="4" count="1" type="stmt"/>
        <line num="5" count="1" type="stmt"/>
        <line num="9" count="1" type="stmt"/>
      </file>
    </package>
  </project>
</coverage>
