{"/Users/maisiepalmer/Documents/GitHub/TDDetective/js/detective.js": {"path":"/Users/maisiepalmer/Documents/GitHub/TDDetective/js/detective.js","statementMap":{"0":{"start":{"line":3,"column":42},"end":{"line":3,"column":47}},"1":{"start":{"line":5,"column":4},"end":{"line":15,"column":5}},"2":{"start":{"line":5,"column":31},"end":{"line":5,"column":56}},"3":{"start":{"line":7,"column":6},"end":{"line":14,"column":7}},"4":{"start":{"line":7,"column":23},"end":{"line":7,"column":24}},"5":{"start":{"line":8,"column":24},"end":{"line":8,"column":39}},"6":{"start":{"line":9,"column":8},"end":{"line":13,"column":9}},"7":{"start":{"line":10,"column":10},"end":{"line":10,"column":31}},"8":{"start":{"line":11,"column":10},"end":{"line":12,"column":63}},"9":{"start":{"line":11,"column":24},"end":{"line":11,"column":39}},"10":{"start":{"line":12,"column":15},"end":{"line":12,"column":63}},"11":{"start":{"line":12,"column":48},"end":{"line":12,"column":63}},"12":{"start":{"line":19,"column":0},"end":{"line":19,"column":27}}},"fnMap":{"0":{"name":"(anonymous_0)","decl":{"start":{"line":2,"column":2},"end":{"line":2,"column":3}},"loc":{"start":{"line":2,"column":15},"end":{"line":16,"column":3}},"line":2}},"branchMap":{"0":{"loc":{"start":{"line":5,"column":4},"end":{"line":15,"column":5}},"type":"if","locations":[{"start":{"line":5,"column":4},"end":{"line":15,"column":5}},{"start":{"line":6,"column":9},"end":{"line":15,"column":5}}],"line":5},"1":{"loc":{"start":{"line":9,"column":8},"end":{"line":13,"column":9}},"type":"if","locations":[{"start":{"line":9,"column":8},"end":{"line":13,"column":9}},{"start":{},"end":{}}],"line":9},"2":{"loc":{"start":{"line":9,"column":12},"end":{"line":9,"column":84}},"type":"binary-expr","locations":[{"start":{"line":9,"column":12},"end":{"line":9,"column":44}},{"start":{"line":9,"column":48},"end":{"line":9,"column":84}}],"line":9},"3":{"loc":{"start":{"line":11,"column":10},"end":{"line":12,"column":63}},"type":"if","locations":[{"start":{"line":11,"column":10},"end":{"line":12,"column":63}},{"start":{"line":12,"column":15},"end":{"line":12,"column":63}}],"line":11},"4":{"loc":{"start":{"line":12,"column":15},"end":{"line":12,"column":63}},"type":"if","locations":[{"start":{"line":12,"column":15},"end":{"line":12,"column":63}},{"start":{},"end":{}}],"line":12}},"s":{"0":4,"1":4,"2":1,"3":3,"4":3,"5":6,"6":6,"7":2,"8":2,"9":2,"10":0,"11":0,"12":1},"f":{"0":4},"b":{"0":[1,3],"1":[2,4],"2":[6,3],"3":[2,0],"4":[0,0]},"_coverageSchema":"1a1c01bbd47fc00a2c39e90264f33305004495a9","hash":"6c1725558147997929efa3c11ca8d6a76512b354"}
,"/Users/maisiepalmer/Documents/GitHub/TDDetective/js/the_crime_scene/crime.js": {"path":"/Users/maisiepalmer/Documents/GitHub/TDDetective/js/the_crime_scene/crime.js","statementMap":{"0":{"start":{"line":1,"column":16},"end":{"line":1,"column":39}},"1":{"start":{"line":5,"column":4},"end":{"line":5,"column":25}},"2":{"start":{"line":6,"column":4},"end":{"line":6,"column":29}},"3":{"start":{"line":14,"column":4},"end":{"line":19,"column":7}},"4":{"start":{"line":15,"column":6},"end":{"line":18,"column":7}},"5":{"start":{"line":16,"column":8},"end":{"line":16,"column":39}},"6":{"start":{"line":17,"column":8},"end":{"line":17,"column":33}},"7":{"start":{"line":23,"column":0},"end":{"line":23,"column":23}}},"fnMap":{"0":{"name":"(anonymous_0)","decl":{"start":{"line":4,"column":2},"end":{"line":4,"column":3}},"loc":{"start":{"line":4,"column":35},"end":{"line":20,"column":3}},"line":4},"1":{"name":"(anonymous_1)","decl":{"start":{"line":14,"column":26},"end":{"line":14,"column":27}},"loc":{"start":{"line":14,"column":46},"end":{"line":19,"column":5}},"line":14}},"branchMap":{"0":{"loc":{"start":{"line":15,"column":6},"end":{"line":18,"column":7}},"type":"if","locations":[{"start":{"line":15,"column":6},"end":{"line":18,"column":7}},{"start":{},"end":{}}],"line":15}},"s":{"0":1,"1":4,"2":4,"3":4,"4":10,"5":1,"6":1,"7":1},"f":{"0":4,"1":10},"b":{"0":[1,9]},"_coverageSchema":"1a1c01bbd47fc00a2c39e90264f33305004495a9","hash":"c29e16fe157db2cc73f7417e6f089b4b024d94e1"}
,"/Users/maisiepalmer/Documents/GitHub/TDDetective/js/the_crime_scene/suspect.js": {"path":"/Users/maisiepalmer/Documents/GitHub/TDDetective/js/the_crime_scene/suspect.js","statementMap":{"0":{"start":{"line":2,"column":13},"end":{"line":2,"column":17}},"1":{"start":{"line":3,"column":15},"end":{"line":3,"column":19}},"2":{"start":{"line":6,"column":8},"end":{"line":6,"column":25}},"3":{"start":{"line":10,"column":8},"end":{"line":10,"column":29}},"4":{"start":{"line":14,"column":8},"end":{"line":14,"column":33}},"5":{"start":{"line":18,"column":0},"end":{"line":18,"column":25}}},"fnMap":{"0":{"name":"(anonymous_0)","decl":{"start":{"line":5,"column":4},"end":{"line":5,"column":5}},"loc":{"start":{"line":5,"column":22},"end":{"line":7,"column":5}},"line":5},"1":{"name":"(anonymous_1)","decl":{"start":{"line":9,"column":4},"end":{"line":9,"column":5}},"loc":{"start":{"line":9,"column":24},"end":{"line":11,"column":5}},"line":9},"2":{"name":"(anonymous_2)","decl":{"start":{"line":13,"column":4},"end":{"line":13,"column":5}},"loc":{"start":{"line":13,"column":21},"end":{"line":15,"column":5}},"line":13}},"branchMap":{},"s":{"0":9,"1":9,"2":9,"3":5,"4":6,"5":1},"f":{"0":9,"1":5,"2":6},"b":{},"_coverageSchema":"1a1c01bbd47fc00a2c39e90264f33305004495a9","hash":"e11ab3c6ba5ea24fee320c0b3f28d9e6b266c7c8"}
,"/Users/maisiepalmer/Documents/GitHub/TDDetective/js/the_crime_scene/victim.js": {"path":"/Users/maisiepalmer/Documents/GitHub/TDDetective/js/the_crime_scene/victim.js","statementMap":{"0":{"start":{"line":3,"column":8},"end":{"line":3,"column":29}},"1":{"start":{"line":4,"column":8},"end":{"line":4,"column":33}},"2":{"start":{"line":8,"column":0},"end":{"line":8,"column":24}}},"fnMap":{"0":{"name":"(anonymous_0)","decl":{"start":{"line":2,"column":4},"end":{"line":2,"column":5}},"loc":{"start":{"line":2,"column":34},"end":{"line":5,"column":5}},"line":2}},"branchMap":{},"s":{"0":4,"1":4,"2":1},"f":{"0":4},"b":{},"_coverageSchema":"1a1c01bbd47fc00a2c39e90264f33305004495a9","hash":"c8b86bfed2422d34fccd9f48a01f98d2f59df39d"}
,"/Users/maisiepalmer/Documents/GitHub/TDDetective/js/the_crime_scene/witness.js": {"path":"/Users/maisiepalmer/Documents/GitHub/TDDetective/js/the_crime_scene/witness.js","statementMap":{"0":{"start":{"line":3,"column":4},"end":{"line":3,"column":27}},"1":{"start":{"line":4,"column":4},"end":{"line":4,"column":25}},"2":{"start":{"line":5,"column":4},"end":{"line":5,"column":29}},"3":{"start":{"line":9,"column":0},"end":{"line":9,"column":25}}},"fnMap":{"0":{"name":"(anonymous_0)","decl":{"start":{"line":2,"column":2},"end":{"line":2,"column":3}},"loc":{"start":{"line":2,"column":41},"end":{"line":6,"column":3}},"line":2}},"branchMap":{},"s":{"0":1,"1":1,"2":1,"3":1},"f":{"0":1},"b":{},"_coverageSchema":"1a1c01bbd47fc00a2c39e90264f33305004495a9","hash":"01653702835931bc7bdcd379363a6003a320456f"}
}
