TN:
SF:js/detective.js
FN:2,(anonymous_0)
FNF:1
FNH:1
FNDA:4,(anonymous_0)
DA:3,4
DA:5,4
DA:7,3
DA:8,6
DA:9,6
DA:10,2
DA:11,2
DA:12,0
DA:19,1
LF:9
LH:8
BRDA:5,0,0,1
BRDA:5,0,1,3
BRDA:9,1,0,2
BRDA:9,1,1,4
BRDA:9,2,0,6
BRDA:9,2,1,3
BRDA:11,3,0,2
BRDA:11,3,1,0
BRDA:12,4,0,0
BRDA:12,4,1,0
BRF:10
BRH:7
end_of_record
TN:
SF:js/the_crime_scene/crime.js
FN:4,(anonymous_0)
FN:14,(anonymous_1)
FNF:2
FNH:2
FNDA:4,(anonymous_0)
FNDA:10,(anonymous_1)
DA:1,1
DA:5,4
DA:6,4
DA:14,4
DA:15,10
DA:16,1
DA:17,1
DA:23,1
LF:8
LH:8
BRDA:15,0,0,1
BRDA:15,0,1,9
BRF:2
BRH:2
end_of_record
TN:
SF:js/the_crime_scene/suspect.js
FN:5,(anonymous_0)
FN:9,(anonymous_1)
FN:13,(anonymous_2)
FNF:3
FNH:3
FNDA:9,(anonymous_0)
FNDA:5,(anonymous_1)
FNDA:6,(anonymous_2)
DA:2,9
DA:3,9
DA:6,9
DA:10,5
DA:14,6
DA:18,1
LF:6
LH:6
BRF:0
BRH:0
end_of_record
TN:
SF:js/the_crime_scene/victim.js
FN:2,(anonymous_0)
FNF:1
FNH:1
FNDA:4,(anonymous_0)
DA:3,4
DA:4,4
DA:8,1
LF:3
LH:3
BRF:0
BRH:0
end_of_record
TN:
SF:js/the_crime_scene/witness.js
FN:2,(anonymous_0)
FNF:1
FNH:1
FNDA:1,(anonymous_0)
DA:3,1
DA:4,1
DA:5,1
DA:9,1
LF:4
LH:4
BRF:0
BRH:0
end_of_record
